[debug] [2022-10-29T17:26:01.211Z] ----------------------------------------------------------------------
[debug] [2022-10-29T17:26:01.212Z] Command:       C:\Program Files\nodejs\node.exe C:\Users\Pichau\AppData\Roaming\npm\node_modules\firebase-tools\lib\bin\firebase.js init
[debug] [2022-10-29T17:26:01.212Z] CLI Version:   11.15.0
[debug] [2022-10-29T17:26:01.212Z] Platform:      win32
[debug] [2022-10-29T17:26:01.213Z] Node Version:  v16.17.0
[debug] [2022-10-29T17:26:01.213Z] Time:          Sat Oct 29 2022 14:26:01 GMT-0300 (Horário Padrão de Brasília)
[debug] [2022-10-29T17:26:01.213Z] ----------------------------------------------------------------------
[debug] 
[debug] [2022-10-29T17:26:01.219Z] > command requires scopes: ["email","openid","https://www.googleapis.com/auth/cloudplatformprojects.readonly","https://www.googleapis.com/auth/firebase","https://www.googleapis.com/auth/cloud-platform"]
[debug] [2022-10-29T17:26:01.220Z] > authorizing via signed-in user (gabgg7879@gmail.com)
[info] 
     ######## #### ########  ######## ########     ###     ######  ########
     ##        ##  ##     ## ##       ##     ##  ##   ##  ##       ##
     ######    ##  ########  ######   ########  #########  ######  ######
     ##        ##  ##    ##  ##       ##     ## ##     ##       ## ##
     ##       #### ##     ## ######## ########  ##     ##  ######  ########

You're about to initialize a Firebase project in this directory:

  C:\Users\Pichau\Desktop\ProjetoAngular\trabalho-final\trabalho-final

[info] 
=== Project Setup
[info] 
[info] First, let's associate this project directory with a Firebase project.
[info] You can create multiple project aliases by running firebase use --add, 
[info] but for now we'll just set up a default project.
[info] 
[debug] [2022-10-29T17:26:11.468Z] >>> [apiv2][query] GET https://firebase.googleapis.com/v1beta1/projects pageSize=100
[debug] [2022-10-29T17:26:12.316Z] <<< [apiv2][status] GET https://firebase.googleapis.com/v1beta1/projects 200
[debug] [2022-10-29T17:26:12.316Z] <<< [apiv2][body] GET https://firebase.googleapis.com/v1beta1/projects [omitted]
[info] i  Using project appagenda-3f1e7 (appagenda) 
[info] 
=== Database Setup
[info] i  database: ensuring required API firebasedatabase.googleapis.com is enabled... 
[debug] [2022-10-29T17:26:15.165Z] >>> [apiv2][query] GET https://serviceusage.googleapis.com/v1/projects/appagenda-3f1e7/services/firebasedatabase.googleapis.com [none]
[debug] [2022-10-29T17:26:15.165Z] >>> [apiv2][(partial)header] GET https://serviceusage.googleapis.com/v1/projects/appagenda-3f1e7/services/firebasedatabase.googleapis.com x-goog-quota-user=projects/appagenda-3f1e7
[debug] [2022-10-29T17:26:16.175Z] <<< [apiv2][status] GET https://serviceusage.googleapis.com/v1/projects/appagenda-3f1e7/services/firebasedatabase.googleapis.com 200
[debug] [2022-10-29T17:26:16.175Z] <<< [apiv2][body] GET https://serviceusage.googleapis.com/v1/projects/appagenda-3f1e7/services/firebasedatabase.googleapis.com [omitted]
[info] +  database: required API firebasedatabase.googleapis.com is enabled 
[info] 
[debug] [2022-10-29T17:26:16.176Z] >>> [apiv2][query] GET https://firebasedatabase.googleapis.com/v1beta/projects/appagenda-3f1e7/locations/-/instances/appagenda-3f1e7-default-rtdb [none]
[debug] [2022-10-29T17:26:16.651Z] <<< [apiv2][status] GET https://firebasedatabase.googleapis.com/v1beta/projects/appagenda-3f1e7/locations/-/instances/appagenda-3f1e7-default-rtdb 200
[debug] [2022-10-29T17:26:16.651Z] <<< [apiv2][body] GET https://firebasedatabase.googleapis.com/v1beta/projects/appagenda-3f1e7/locations/-/instances/appagenda-3f1e7-default-rtdb {"name":"projects/22899016727/locations/us-central1/instances/appagenda-3f1e7-default-rtdb","project":"projects/22899016727","databaseUrl":"https://appagenda-3f1e7-default-rtdb.firebaseio.com","type":"DEFAULT_DATABASE","state":"ACTIVE"}
[info] 
[info] Firebase Realtime Database Security Rules allow you to define how your data should be
[info] structured and when your data can be read from and written to.
[info] 
[debug] [2022-10-29T17:26:51.484Z] ----------------------------------------------------------------------
[debug] [2022-10-29T17:26:51.485Z] Command:       C:\Program Files\nodejs\node.exe C:\Users\Pichau\AppData\Roaming\npm\node_modules\firebase-tools\lib\bin\firebase.js init
[debug] [2022-10-29T17:26:51.486Z] CLI Version:   11.15.0
[debug] [2022-10-29T17:26:51.486Z] Platform:      win32
[debug] [2022-10-29T17:26:51.486Z] Node Version:  v16.17.0
[debug] [2022-10-29T17:26:51.487Z] Time:          Sat Oct 29 2022 14:26:51 GMT-0300 (Horário Padrão de Brasília)
[debug] [2022-10-29T17:26:51.487Z] ----------------------------------------------------------------------
[debug] 
[debug] [2022-10-29T17:26:51.493Z] > command requires scopes: ["email","openid","https://www.googleapis.com/auth/cloudplatformprojects.readonly","https://www.googleapis.com/auth/firebase","https://www.googleapis.com/auth/cloud-platform"]
[debug] [2022-10-29T17:26:51.493Z] > authorizing via signed-in user (gabgg7879@gmail.com)
[info] 
     ######## #### ########  ######## ########     ###     ######  ########
     ##        ##  ##     ## ##       ##     ##  ##   ##  ##       ##
     ######    ##  ########  ######   ########  #########  ######  ######
     ##        ##  ##    ##  ##       ##     ## ##     ##       ## ##
     ##       #### ##     ## ######## ########  ##     ##  ######  ########

You're about to initialize a Firebase project in this directory:

  C:\Users\Pichau\Desktop\ProjetoAngular\trabalho-final\trabalho-final

[info] 
=== Project Setup
[info] 
[info] First, let's associate this project directory with a Firebase project.
[info] You can create multiple project aliases by running firebase use --add, 
[info] but for now we'll just set up a default project.
[info] 
[debug] [2022-10-29T17:27:04.603Z] >>> [apiv2][query] GET https://firebase.googleapis.com/v1beta1/projects pageSize=100
[debug] [2022-10-29T17:27:05.515Z] <<< [apiv2][status] GET https://firebase.googleapis.com/v1beta1/projects 200
[debug] [2022-10-29T17:27:05.515Z] <<< [apiv2][body] GET https://firebase.googleapis.com/v1beta1/projects [omitted]
[info] i  Using project appagenda-3f1e7 (appagenda) 
[info] 
=== Database Setup
[info] i  database: ensuring required API firebasedatabase.googleapis.com is enabled... 
[debug] [2022-10-29T17:27:05.951Z] >>> [apiv2][query] GET https://serviceusage.googleapis.com/v1/projects/appagenda-3f1e7/services/firebasedatabase.googleapis.com [none]
[debug] [2022-10-29T17:27:05.951Z] >>> [apiv2][(partial)header] GET https://serviceusage.googleapis.com/v1/projects/appagenda-3f1e7/services/firebasedatabase.googleapis.com x-goog-quota-user=projects/appagenda-3f1e7
[debug] [2022-10-29T17:27:06.961Z] <<< [apiv2][status] GET https://serviceusage.googleapis.com/v1/projects/appagenda-3f1e7/services/firebasedatabase.googleapis.com 200
[debug] [2022-10-29T17:27:06.961Z] <<< [apiv2][body] GET https://serviceusage.googleapis.com/v1/projects/appagenda-3f1e7/services/firebasedatabase.googleapis.com [omitted]
[info] +  database: required API firebasedatabase.googleapis.com is enabled 
[info] 
[debug] [2022-10-29T17:27:06.962Z] >>> [apiv2][query] GET https://firebasedatabase.googleapis.com/v1beta/projects/appagenda-3f1e7/locations/-/instances/appagenda-3f1e7-default-rtdb [none]
[debug] [2022-10-29T17:27:07.448Z] <<< [apiv2][status] GET https://firebasedatabase.googleapis.com/v1beta/projects/appagenda-3f1e7/locations/-/instances/appagenda-3f1e7-default-rtdb 200
[debug] [2022-10-29T17:27:07.448Z] <<< [apiv2][body] GET https://firebasedatabase.googleapis.com/v1beta/projects/appagenda-3f1e7/locations/-/instances/appagenda-3f1e7-default-rtdb {"name":"projects/22899016727/locations/us-central1/instances/appagenda-3f1e7-default-rtdb","project":"projects/22899016727","databaseUrl":"https://appagenda-3f1e7-default-rtdb.firebaseio.com","type":"DEFAULT_DATABASE","state":"ACTIVE"}
[info] 
[info] Firebase Realtime Database Security Rules allow you to define how your data should be
[info] structured and when your data can be read from and written to.
[info] 
[debug] [2022-10-29T17:29:07.138Z] >>> [apiv2][query] GET https://appagenda-3f1e7-default-rtdb.firebaseio.com/.settings/rules.json [none]
[debug] [2022-10-29T17:29:07.552Z] <<< [apiv2][status] GET https://appagenda-3f1e7-default-rtdb.firebaseio.com/.settings/rules.json 200
[debug] [2022-10-29T17:29:07.553Z] <<< [apiv2][body] GET https://appagenda-3f1e7-default-rtdb.firebaseio.com/.settings/rules.json [stream]
[debug] [2022-10-29T17:29:07.749Z] Error: Path contains invalid characters: C:\Users\Pichau\Desktop\ProjetoAngular\trabalho-final\trabalho-final\C:\Users\Pichau\Desktop\ProjetoAngular\trabalho-final
    at checkPath (C:\Users\Pichau\AppData\Roaming\npm\node_modules\firebase-tools\node_modules\fs-extra\lib\mkdirs\utils.js:16:21)
    at Object.module.exports.makeDirSync (C:\Users\Pichau\AppData\Roaming\npm\node_modules\firebase-tools\node_modules\fs-extra\lib\mkdirs\make-dir.js:21:3)
    at Object.createFileSync (C:\Users\Pichau\AppData\Roaming\npm\node_modules\firebase-tools\node_modules\fs-extra\lib\ensure\file.js:59:45)
    at Config.writeProjectFile (C:\Users\Pichau\AppData\Roaming\npm\node_modules\firebase-tools\lib\config.js:152:12)
    at writeDBRules (C:\Users\Pichau\AppData\Roaming\npm\node_modules\firebase-tools\lib\init\features\database.js:33:12)
    at doSetup (C:\Users\Pichau\AppData\Roaming\npm\node_modules\firebase-tools\lib\init\features\database.js:123:13)
    at processTicksAndRejections (node:internal/process/task_queues:96:5)
    at async init (C:\Users\Pichau\AppData\Roaming\npm\node_modules\firebase-tools\lib\init\index.js:36:9)
[error] 
[error] Error: An unexpected error has occurred.
